#######################################################################################
# log primitive debug message of FSDB dumping                                         #
# This is for R&D to analyze when there are issues happening when FSDB dump           #
#######################################################################################
ANF: vcsd_get_serial_mode_status('./top_lib/read_fast_test22051919_simv: undefined symbol: vcsd_get_serial_mode_status')
ANF: vcsd_enable_sva_success_callback('./top_lib/read_fast_test22051919_simv: undefined symbol: vcsd_enable_sva_success_callback')
ANF: vcsd_disable_sva_success_callback('./top_lib/read_fast_test22051919_simv: undefined symbol: vcsd_disable_sva_success_callback')
ANF: vcsd_get_thread_id('./top_lib/read_fast_test22051919_simv: undefined symbol: vcsd_get_thread_id')
ANF: vcsd_get_power_scope_name('./top_lib/read_fast_test22051919_simv: undefined symbol: vcsd_get_power_scope_name')
ANF: vcsd_begin_no_value_var_info('./top_lib/read_fast_test22051919_simv: undefined symbol: vcsd_begin_no_value_var_info')
ANF: vcsd_end_no_value_var_info('./top_lib/read_fast_test22051919_simv: undefined symbol: vcsd_end_no_value_var_info')
ANF: vcsd_remove_xprop_merge_mode_callback('./top_lib/read_fast_test22051919_simv: undefined symbol: vcsd_remove_xprop_merge_mode_callback')
ANF: vcsd_node_check_native_callback('./top_lib/read_fast_test22051919_simv: undefined symbol: vcsd_node_check_native_callback')
ANF: vcsd_node_add_native_callback('./top_lib/read_fast_test22051919_simv: undefined symbol: vcsd_node_add_native_callback')
ANF: vcsdIsNativeVc('./top_lib/read_fast_test22051919_simv: undefined symbol: vcsdIsNativeVc')
ANF: vhpi_get_cb_info('./top_lib/read_fast_test22051919_simv: undefined symbol: vhpi_get_cb_info')
ANF: vhpi_free_handle('./top_lib/read_fast_test22051919_simv: undefined symbol: vhpi_free_handle')
ANF: vhpi_fetch_vcsd_handle('./top_lib/read_fast_test22051919_simv: undefined symbol: vhpi_fetch_vcsd_handle')
ANF: vhpi_fetch_vpi_handle('./top_lib/read_fast_test22051919_simv: undefined symbol: vhpi_fetch_vpi_handle')
ANF: vhpi_has_verilog_parent('./top_lib/read_fast_test22051919_simv: undefined symbol: vhpi_has_verilog_parent')
ANF: vhpi_is_verilog_scope('./top_lib/read_fast_test22051919_simv: undefined symbol: vhpi_is_verilog_scope')
ANF: scsd_xprop_is_enabled('./top_lib/read_fast_test22051919_simv: undefined symbol: scsd_xprop_is_enabled')
ANF: scsd_xprop_sig_is_promoted('./top_lib/read_fast_test22051919_simv: undefined symbol: scsd_xprop_sig_is_promoted')
ANF: scsd_xprop_int_xvalue('./top_lib/read_fast_test22051919_simv: undefined symbol: scsd_xprop_int_xvalue')
ANF: scsd_xprop_bool_xvalue('./top_lib/read_fast_test22051919_simv: undefined symbol: scsd_xprop_bool_xvalue')
ANF: scsd_xprop_enum_xvalue('./top_lib/read_fast_test22051919_simv: undefined symbol: scsd_xprop_enum_xvalue')
ANF: scsd_xprop_register_merge_mode_cb('./top_lib/read_fast_test22051919_simv: undefined symbol: scsd_xprop_register_merge_mode_cb')
ANF: scsd_xprop_delete_merge_mode_cb('./top_lib/read_fast_test22051919_simv: undefined symbol: scsd_xprop_delete_merge_mode_cb')
ANF: scsd_xprop_get_merge_mode('./top_lib/read_fast_test22051919_simv: undefined symbol: scsd_xprop_get_merge_mode')
ANF: scsd_thread_get_info('./top_lib/read_fast_test22051919_simv: undefined symbol: scsd_thread_get_info')
ANF: scsd_thread_vc_init('./top_lib/read_fast_test22051919_simv: undefined symbol: scsd_thread_vc_init')
ANF: scsd_master_set_delta_sync_cbk('./top_lib/read_fast_test22051919_simv: undefined symbol: scsd_master_set_delta_sync_cbk')
ANF: scsd_fgp_get_fsdb_cores('./top_lib/read_fast_test22051919_simv: undefined symbol: scsd_fgp_get_fsdb_cores')
ANF: msvEnableDumpingMode('./top_lib/read_fast_test22051919_simv: undefined symbol: msvEnableDumpingMode')
ANF: msvGetVersion('./top_lib/read_fast_test22051919_simv: undefined symbol: msvGetVersion')
ANF: msvGetInstProp('./top_lib/read_fast_test22051919_simv: undefined symbol: msvGetInstProp')
ANF: msvIsSpiceEngineReady('./top_lib/read_fast_test22051919_simv: undefined symbol: msvIsSpiceEngineReady')
ANF: msvSetAddProbeCallback('./top_lib/read_fast_test22051919_simv: undefined symbol: msvSetAddProbeCallback')
ANF: msvGetInstHandle('./top_lib/read_fast_test22051919_simv: undefined symbol: msvGetInstHandle')
ANF: msvGetProbeByInst('./top_lib/read_fast_test22051919_simv: undefined symbol: msvGetProbeByInst')
ANF: msvGetSigHandle('./top_lib/read_fast_test22051919_simv: undefined symbol: msvGetSigHandle')
ANF: msvGetProbeBySig('./top_lib/read_fast_test22051919_simv: undefined symbol: msvGetProbeBySig')
ANF: msvGetProbeInfo('./top_lib/read_fast_test22051919_simv: undefined symbol: msvGetProbeInfo')
ANF: msvRelease('./top_lib/read_fast_test22051919_simv: undefined symbol: msvRelease')
ANF: msvSetVcCallbackFunc('./top_lib/read_fast_test22051919_simv: undefined symbol: msvSetVcCallbackFunc')
ANF: msvCheckVcCallback('./top_lib/read_fast_test22051919_simv: undefined symbol: msvCheckVcCallback')
ANF: msvAddVcCallback('./top_lib/read_fast_test22051919_simv: undefined symbol: msvAddVcCallback')
ANF: msvRemoveVcCallback('./top_lib/read_fast_test22051919_simv: undefined symbol: msvRemoveVcCallback')
ANF: msvGetLatestValue('./top_lib/read_fast_test22051919_simv: undefined symbol: msvGetLatestValue')
ANF: msvSetEndofSimCallback('./top_lib/read_fast_test22051919_simv: undefined symbol: msvSetEndofSimCallback')
ANF: msvIgnoredProbe('./top_lib/read_fast_test22051919_simv: undefined symbol: msvIgnoredProbe')
ANF: msvGetThruNetInfo('./top_lib/read_fast_test22051919_simv: undefined symbol: msvGetThruNetInfo')
ANF: msvFreeThruNetInfo('./top_lib/read_fast_test22051919_simv: undefined symbol: msvFreeThruNetInfo')
ANF: PI_ace_get_output_time_unit('./top_lib/read_fast_test22051919_simv: undefined symbol: PI_ace_get_output_time_unit')
ANF: PI_ace_sim_sync('./top_lib/read_fast_test22051919_simv: undefined symbol: PI_ace_sim_sync')
ANF: msvGetRereadInitFile('./top_lib/read_fast_test22051919_simv: undefined symbol: msvGetRereadInitFile')
ANF: msvSetBeforeRereadCallback('./top_lib/read_fast_test22051919_simv: undefined symbol: msvSetBeforeRereadCallback')
ANF: msvSetAfterRereadCallback('./top_lib/read_fast_test22051919_simv: undefined symbol: msvSetAfterRereadCallback')
ANF: msvSetForceCallback('./top_lib/read_fast_test22051919_simv: undefined symbol: msvSetForceCallback')
ANF: msvSetReleaseCallback('./top_lib/read_fast_test22051919_simv: undefined symbol: msvSetReleaseCallback')
ANF: msvGetForceStatus('./top_lib/read_fast_test22051919_simv: undefined symbol: msvGetForceStatus')
ANF: vdi_fn_trigger_native_init_force('./top_lib/read_fast_test22051919_simv: undefined symbol: vdi_fn_trigger_native_init_force')
ANF: vdi_set_native_callback('./top_lib/read_fast_test22051919_simv: undefined symbol: vdi_set_native_callback')
ANF: vdi_fn_check_native_callback('./top_lib/read_fast_test22051919_simv: undefined symbol: vdi_fn_check_native_callback')
ANF: vdi_fn_add_native_callback('./top_lib/read_fast_test22051919_simv: undefined symbol: vdi_fn_add_native_callback')
ANF: vhdi_dt_get_type('./top_lib/read_fast_test22051919_simv: undefined symbol: vhdi_dt_get_type')
ANF: vhdi_dt_get_key('./top_lib/read_fast_test22051919_simv: undefined symbol: vhdi_dt_get_key')
ANF: vhdi_dt_get_vhdl_enum_info('./top_lib/read_fast_test22051919_simv: undefined symbol: vhdi_dt_get_vhdl_enum_info')
ANF: vhdi_dt_get_vhdl_physical_info('./top_lib/read_fast_test22051919_simv: undefined symbol: vhdi_dt_get_vhdl_physical_info')
ANF: vhdi_dt_get_vhdl_array_info('./top_lib/read_fast_test22051919_simv: undefined symbol: vhdi_dt_get_vhdl_array_info')
ANF: vhdi_dt_get_vhdl_record_info('./top_lib/read_fast_test22051919_simv: undefined symbol: vhdi_dt_get_vhdl_record_info')
ANF: vhdi_def_traverse_module('./top_lib/read_fast_test22051919_simv: undefined symbol: vhdi_def_traverse_module')
ANF: vhdi_def_traverse_scope('./top_lib/read_fast_test22051919_simv: undefined symbol: vhdi_def_traverse_scope')
ANF: vhdi_def_traverse_variable('./top_lib/read_fast_test22051919_simv: undefined symbol: vhdi_def_traverse_variable')
ANF: vhdi_def_get_module_id_by_vhpi('./top_lib/read_fast_test22051919_simv: undefined symbol: vhdi_def_get_module_id_by_vhpi')
ANF: vhdi_def_get_handle_by_module_id('./top_lib/read_fast_test22051919_simv: undefined symbol: vhdi_def_get_handle_by_module_id')
ANF: vhdi_def_get_variable_info_by_vhpi('./top_lib/read_fast_test22051919_simv: undefined symbol: vhdi_def_get_variable_info_by_vhpi')
ANF: vhdi_def_free('./top_lib/read_fast_test22051919_simv: undefined symbol: vhdi_def_free')
ANF: vhdi_ist_traverse_scope('./top_lib/read_fast_test22051919_simv: undefined symbol: vhdi_ist_traverse_scope')
ANF: vhdi_ist_traverse_variable('./top_lib/read_fast_test22051919_simv: undefined symbol: vhdi_ist_traverse_variable')
ANF: vhdi_ist_convert_by_vhpi('./top_lib/read_fast_test22051919_simv: undefined symbol: vhdi_ist_convert_by_vhpi')
ANF: vhdi_ist_clone('./top_lib/read_fast_test22051919_simv: undefined symbol: vhdi_ist_clone')
ANF: vhdi_ist_free('./top_lib/read_fast_test22051919_simv: undefined symbol: vhdi_ist_free')
ANF: vhdi_ist_hash_key('./top_lib/read_fast_test22051919_simv: undefined symbol: vhdi_ist_hash_key')
ANF: vhdi_ist_compare('./top_lib/read_fast_test22051919_simv: undefined symbol: vhdi_ist_compare')
ANF: vhdi_ist_get_value_addr('./top_lib/read_fast_test22051919_simv: undefined symbol: vhdi_ist_get_value_addr')
ANF: vhdi_set_scsd_callback('./top_lib/read_fast_test22051919_simv: undefined symbol: vhdi_set_scsd_callback')
ANF: vhdi_cbk_set_force_callback('./top_lib/read_fast_test22051919_simv: undefined symbol: vhdi_cbk_set_force_callback')
ANF: vhdi_trigger_init_force('./top_lib/read_fast_test22051919_simv: undefined symbol: vhdi_trigger_init_force')
ANF: vhdi_ist_check_scsd_callback('./top_lib/read_fast_test22051919_simv: undefined symbol: vhdi_ist_check_scsd_callback')
ANF: vhdi_ist_add_scsd_callback('./top_lib/read_fast_test22051919_simv: undefined symbol: vhdi_ist_add_scsd_callback')
ANF: vhdi_ist_remove_scsd_callback('./top_lib/read_fast_test22051919_simv: undefined symbol: vhdi_ist_remove_scsd_callback')
ANF: vhdi_ist_get_scsd_user_data('./top_lib/read_fast_test22051919_simv: undefined symbol: vhdi_ist_get_scsd_user_data')
ANF: vhdi_add_time_change_callback('./top_lib/read_fast_test22051919_simv: undefined symbol: vhdi_add_time_change_callback')
ANF: vhdi_get_real_value_by_value_addr('./top_lib/read_fast_test22051919_simv: undefined symbol: vhdi_get_real_value_by_value_addr')
ANF: vhdi_get_64_value_by_value_addr('./top_lib/read_fast_test22051919_simv: undefined symbol: vhdi_get_64_value_by_value_addr')
ANF: vhdi_xprop_inst_is_promoted('./top_lib/read_fast_test22051919_simv: undefined symbol: vhdi_xprop_inst_is_promoted')
ANF: vdi_ist_convert_by_vhdi('./top_lib/read_fast_test22051919_simv: undefined symbol: vdi_ist_convert_by_vhdi')
ANF: vhdi_ist_get_module_id('./top_lib/read_fast_test22051919_simv: undefined symbol: vhdi_ist_get_module_id')
ANF: vhdi_refine_foreign_scope_type('./top_lib/read_fast_test22051919_simv: undefined symbol: vhdi_refine_foreign_scope_type')
ANF: vhdi_flush_callback('./top_lib/read_fast_test22051919_simv: undefined symbol: vhdi_flush_callback')
ANF: vhdi_set_orig_name('./top_lib/read_fast_test22051919_simv: undefined symbol: vhdi_set_orig_name')
ANF: vhdi_set_dump_pt('./top_lib/read_fast_test22051919_simv: undefined symbol: vhdi_set_dump_pt')
ANF: vhdi_get_fsdb_option('./top_lib/read_fast_test22051919_simv: undefined symbol: vhdi_get_fsdb_option')
ANF: vhdi_fgp_get_mode('./top_lib/read_fast_test22051919_simv: undefined symbol: vhdi_fgp_get_mode')
ANF: vhdi_node_register_composite_var('./top_lib/read_fast_test22051919_simv: undefined symbol: vhdi_node_register_composite_var')
ANF: vhdi_node_analysis('./top_lib/read_fast_test22051919_simv: undefined symbol: vhdi_node_analysis')
ANF: vhdi_node_id('./top_lib/read_fast_test22051919_simv: undefined symbol: vhdi_node_id')
ANF: vhdi_node_ist_check_scsd_callback('./top_lib/read_fast_test22051919_simv: undefined symbol: vhdi_node_ist_check_scsd_callback')
ANF: vhdi_node_ist_add_scsd_callback('./top_lib/read_fast_test22051919_simv: undefined symbol: vhdi_node_ist_add_scsd_callback')
ANF: vhdi_node_ist_get_value_addr('./top_lib/read_fast_test22051919_simv: undefined symbol: vhdi_node_ist_get_value_addr')
VCS compile option:
 option[0]: ./top_lib/read_fast_test22051919_simv
 option[1]: +fsdb+delta
 option[2]: +UVM_TESTNAME=read_fast_test
 option[3]: +fsdb+sva_success
 option[4]: -l
 option[5]: ./read_fast_test/read_fast_test22051919_sim.log
 option[6]: /home/synopsys/vcs-mx/O-2018.09-1/linux64/bin/vcs1
 option[7]: -Mcc=gcc
 option[8]: -Mcplusplus=g++
 option[9]: -Masflags=
 option[10]: -Mcfl= -pipe -DVCSMX -DUVM_DPI_DO_TYPE_CHECK -fPIC -O -I/home/synopsys/vcs-mx/O-2018.09-1/include 
 option[11]: -Mxcflags= -pipe -DVCSMX -DUVM_DPI_DO_TYPE_CHECK -fPIC -I/home/synopsys/vcs-mx/O-2018.09-1/include
 option[12]: -Mldflags= -rdynamic 
 option[13]: -Mout=top_lib/read_fast_test22051919_simv
 option[14]: -Mamsrun=
 option[15]: -Mvcsaceobjs=
 option[16]: -Mobjects= /home/synopsys/vcs-mx/O-2018.09-1/linux64/lib/libvirsim.so /home/synopsys/vcs-mx/O-2018.09-1/linux64/lib/liberrorinf.so /home/synopsys/vcs-mx/O-2018.09-1/linux64/lib/libsnpsmalloc.so /home/synopsys/vcs-mx/O-2018.09-1/linux64/lib/libvfs.so 
 option[17]: -Mexternalobj=
 option[18]: -Msaverestoreobj=/home/synopsys/vcs-mx/O-2018.09-1/linux64/lib/vcs_save_restore_new.o
 option[19]: -Mcrt0=
 option[20]: -Mcrtn=
 option[21]: -Mcsrc=/home/synopsys/vcs-mx/O-2018.09-1/etc/uvm-1.2/dpi/uvm_dpi.cc /home/synopsys/vcs-mx/O-2018.09-1/etc/uvm-1.2/verdi/dpi/uvm_verdi_dpi.cpp 
 option[22]: -Msyslibs=/home/synopsys/verdi/Verdi_O-2018.09-SP2/share/PLI/VCS/LINUX64/pli.a -ldl 
 option[23]: -l
 option[24]: ./read_fast_test/vcs_compile_read_fast_test22051919.log
 option[25]: +define+UVM_VERDI_VIF_RECORD
 option[26]: +define+UVM_VCS_RECORD
 option[27]: +incdir+/home/synopsys/vcs-mx/O-2018.09-1/etc/uvm-1.2/vcs
 option[28]: /home/synopsys/vcs-mx/O-2018.09-1/etc/uvm-1.2/uvm_pkg.sv
 option[29]: /home/synopsys/vcs-mx/O-2018.09-1/etc/uvm-1.2/vcs/uvm_custom_install_vcs_recorder.sv
 option[30]: +incdir+/home/synopsys/vcs-mx/O-2018.09-1/etc/uvm-1.2/verdi
 option[31]: /home/synopsys/vcs-mx/O-2018.09-1/etc/uvm-1.2/verdi/uvm_custom_install_verdi_recorder.sv
 option[32]: -ntb_opts
 option[33]: uvm-1.2
 option[34]: +incdir+/home/synopsys/vcs-mx/O-2018.09-1/etc/uvm-1.2/
 option[35]: -cm
 option[36]: assert
 option[37]: +nospecify
 option[38]: +notimingcheck
 option[39]: -debug_access+all
 option[40]: +vpi
 option[41]: +vcsd1
 option[42]: +itf+/home/synopsys/vcs-mx/O-2018.09-1/linux64/lib/vcsdp_lite.tab
 option[43]: -timescale=1ns/1ns
 option[44]: +vcs+lic+wait
 option[45]: -full64
 option[46]: +vcsd
 option[47]: +memcbk
 option[48]: -kdb
 option[49]: -Xufe=2steps
 option[50]: -o
 option[51]: top_lib/read_fast_test22051919_simv
 option[52]: 
 option[53]: -picarchive
 option[54]: -P
 option[55]: /home/synopsys/verdi/Verdi_O-2018.09-SP2/share/PLI/VCS/LINUX64/verdi.tab
 option[56]: -fsdb
 option[57]: -sverilog
 option[58]: +vpi
 option[59]: -gen_obj
 option[60]: -f
 option[61]: ./filelist/rtl.f
 option[62]: -f
 option[63]: ./filelist/agents.f
 option[64]: -f
 option[65]: ./filelist/uvm_tb.f
 option[66]: -f
 option[67]: ./filelist/tb.f
 option[68]: -load
 option[69]: /home/synopsys/verdi/Verdi_O-2018.09-SP2/share/PLI/VCS/LINUX64/libnovas.so:FSDBDumpCmd
 option[70]: timescale=1ns/1ns
Chronologic Simulation VCS Release O-2018.09-1_Full64
Linux 3.10.0-1160.6.1.el7.x86_64 #1 SMP Tue Nov 17 13:59:11 UTC 2020 x86_64
CPU cores: 8
Limit information:
======================================
cputime		unlimited
filesize		unlimited
datasize		unlimited
stacksize		8250 kbytes
coredumpsize		0 kbytes
memoryuse		unlimited
vmemoryuse		unlimited
descriptors		4096
memorylocked		64 kbytes
maxproc		4096
======================================
(Special)Runtime environment variables:

Runtime environment variables:
LC_PAPER=en_GB.UTF-8
XDG_VTNR=1
XDG_SESSION_ID=1
SSH_AGENT_PID=3488
LC_MONETARY=en_GB.UTF-8
HOSTNAME=IC_EDA
IMSETTINGS_INTEGRATE_DESKTOP=yes
TERM=xterm-256color
XDG_MENU_PREFIX=gnome-
VTE_VERSION=5204
SHELL=/bin/bash
HISTSIZE=1000
MAKEFLAGS=
GNOME_TERMINAL_SCREEN=/org/gnome/Terminal/screen/d7479882_bd11_4f3c_be6d_247481021059
QUESTASIM_HOME=/home/mentor/questasim/linux_x86_64
LC_NUMERIC=en_GB.UTF-8
QTDIR=/usr/lib/qt-3.3
QTINC=/usr/lib/qt-3.3/include
IMSETTINGS_MODULE=none
QT_GRAPHICSSYSTEM_CHECKED=1
USER=ICer
LD_LIBRARY_PATH=/home/synopsys/verdi/Verdi_O-2018.09-SP2/share/PLI/VCS/LINUX64
LS_COLORS=rs=0:di=38;5;27:ln=38;5;51:mh=44;38;5;15:pi=40;38;5;11:so=38;5;13:do=38;5;5:bd=48;5;232;38;5;11:cd=48;5;232;38;5;3:or=48;5;232;38;5;9:mi=05;48;5;232;38;5;15:su=48;5;196;38;5;15:sg=48;5;11;38;5;16:ca=48;5;196;38;5;226:tw=48;5;10;38;5;16:ow=48;5;10;38;5;21:st=48;5;21;38;5;15:ex=38;5;34:*.tar=38;5;9:*.tgz=38;5;9:*.arc=38;5;9:*.arj=38;5;9:*.taz=38;5;9:*.lha=38;5;9:*.lz4=38;5;9:*.lzh=38;5;9:*.lzma=38;5;9:*.tlz=38;5;9:*.txz=38;5;9:*.tzo=38;5;9:*.t7z=38;5;9:*.zip=38;5;9:*.z=38;5;9:*.Z=38;5;9:*.dz=38;5;9:*.gz=38;5;9:*.lrz=38;5;9:*.lz=38;5;9:*.lzo=38;5;9:*.xz=38;5;9:*.bz2=38;5;9:*.bz=38;5;9:*.tbz=38;5;9:*.tbz2=38;5;9:*.tz=38;5;9:*.deb=38;5;9:*.rpm=38;5;9:*.jar=38;5;9:*.war=38;5;9:*.ear=38;5;9:*.sar=38;5;9:*.rar=38;5;9:*.alz=38;5;9:*.ace=38;5;9:*.zoo=38;5;9:*.cpio=38;5;9:*.7z=38;5;9:*.rz=38;5;9:*.cab=38;5;9:*.jpg=38;5;13:*.jpeg=38;5;13:*.gif=38;5;13:*.bmp=38;5;13:*.pbm=38;5;13:*.pgm=38;5;13:*.ppm=38;5;13:*.tga=38;5;13:*.xbm=38;5;13:*.xpm=38;5;13:*.tif=38;5;13:*.tiff=38;5;13:*.png=38;5;13:*.svg=38;5;13:*.svgz=38;5;13:*.mng=38;5;13:*.pcx=38;5;13:*.mov=38;5;13:*.mpg=38;5;13:*.mpeg=38;5;13:*.m2v=38;5;13:*.mkv=38;5;13:*.webm=38;5;13:*.ogm=38;5;13:*.mp4=38;5;13:*.m4v=38;5;13:*.mp4v=38;5;13:*.vob=38;5;13:*.qt=38;5;13:*.nuv=38;5;13:*.wmv=38;5;13:*.asf=38;5;13:*.rm=38;5;13:*.rmvb=38;5;13:*.flc=38;5;13:*.avi=38;5;13:*.fli=38;5;13:*.flv=38;5;13:*.gl=38;5;13:*.dl=38;5;13:*.xcf=38;5;13:*.xwd=38;5;13:*.yuv=38;5;13:*.cgm=38;5;13:*.emf=38;5;13:*.axv=38;5;13:*.anx=38;5;13:*.ogv=38;5;13:*.ogx=38;5;13:*.aac=38;5;45:*.au=38;5;45:*.flac=38;5;45:*.mid=38;5;45:*.midi=38;5;45:*.mka=38;5;45:*.mp3=38;5;45:*.mpc=38;5;45:*.ogg=38;5;45:*.ra=38;5;45:*.wav=38;5;45:*.axa=38;5;45:*.oga=38;5;45:*.spx=38;5;45:*.xspf=38;5;45:
GNOME_TERMINAL_SERVICE=:1.105
SSH_AUTH_SOCK=/run/user/1000/keyring/ssh
DVE_HOME=/home/synopsys/vcs-mx/O-2018.09-1
MAKELEVEL=1
SESSION_MANAGER=local/unix:@/tmp/.ICE-unix/3350,unix/unix:/tmp/.ICE-unix/3350
USERNAME=ICer
SNPSLMD_LICENSE_FILE=27000@IC_EDA
MFLAGS=
GNOME_SHELL_SESSION_MODE=classic
MAIL=/var/spool/mail/ICer
PATH=/usr/lib/qt-3.3/bin:/usr/local/bin:/usr/local/sbin:/usr/bin:/usr/sbin:/bin:/sbin:/home/synopsys/fpga/N-2018.03-SP1/bin:/home/synopsys/pts/O-2018.06-SP1/bin:/home/synopsys/icc2/O-2018.06-SP1/bin:/home/synopsys/syn/O-2018.06-SP1/bin:/home/synopsys/SpyGlass-L2016.06/SPYGLASS_HOME//bin:/home/synopsys/vcs-mx/O-2018.09-1/gui/dve/bin:/home/synopsys/vcs-mx/O-2018.09-1/bin:/home/synopsys/verdi/Verdi_O-2018.09-SP2/bin:/home/synopsys/scl/2018.06/linux64/bin:/home/cadence/IC617/tools/dfII/bin:/home/cadence/IC617/tools/plot/bin:/home/cadence/INCISIVE152/tools/bin:/home/cadence/INCISIVE152/bin:/home/cadence/INCISIVE152/tools.lnx86/bin:/home/cadence/INCISIVE152/tools.lnx86/dfII/bin:/home/mentor/questasim/linux_x86_64
DESKTOP_SESSION=gnome-classic
PT_HOME=/home/synopsys/pts/O-2018.06-SP1
QT_IM_MODULE=ibus
_=./top_lib/read_fast_test22051919_simv
VERDI_HOME=/home/synopsys/verdi/Verdi_O-2018.09-SP2
CALIBRE_HOME=/home/mentor//Calibre2015/aoi_cal_2015.2_36.27
PWD=/home/ICer/mine/proj/asyn_fifo/sim
MGC_CALIBRE_LAYOUT_SERVER=IC_EDA:9189
XDG_SESSION_TYPE=x11
VCS_HOME=/home/synopsys/vcs-mx/O-2018.09-1
XMODIFIERS=@im=ibus
LANG=en_GB.UTF-8
MGC_CALIBRE_SCHEMATIC_SERVER=IC_EDA:9199
GDM_LANG=en_GB.UTF-8
LC_MEASUREMENT=en_GB.UTF-8
VCS_ARCH_OVERRIDE=linux
KDEDIRS=/usr
CDSHOME=/home/cadence/IC617
GDMSESSION=gnome-classic
SPECMAN_HOME=/home/cadence/INCISIVE152/components/sn
HISTCONTROL=ignoredups
SHLVL=3
XDG_SEAT=seat0
HOME=/home/ICer
ICC2_HOME=/home/synopsys/icc2/O-2018.06-SP1
MGC_HOME=/home/mentor/
GNOME_DESKTOP_SESSION_ID=this-is-deprecated
MGC_LICENSE_FILE=/home/mentor//license/license.dat
CADHOME=/home/cadence
DC_HOME=/home/synopsys/syn/O-2018.06-SP1
LOGNAME=ICer
XDG_SESSION_DESKTOP=gnome-classic
SPYGLASS_HOME=/home/synopsys/SpyGlass-L2016.06/SPYGLASS_HOME/
QTLIB=/usr/lib/qt-3.3/lib
MGLS_LICENSE_FILE=/home/mentor/questasim/mentor.dat
DBUS_SESSION_BUS_ADDRESS=unix:abstract=/tmp/dbus-ftgJcd4j62,guid=4e949bad656035e571a451dd6285b56a
XDG_DATA_DIRS=/home/ICer/.local/share/flatpak/exports/share/:/var/lib/flatpak/exports/share/:/usr/local/share/:/usr/share/
CDS_LIC_FILE=/home/cadence/license/cadence.dat
LESSOPEN=||/usr/bin/lesspipe.sh %s
SPECMAN_DIR=/home/cadence/INCISIVE152/components/sn/
SCL_HOME=/home/synopsys/scl/2018.06
WINDOWPATH=1
DISPLAY=:0
SYNPLIFY_HOME=/home/synopsys/fpga/N-2018.03-SP1
XDG_RUNTIME_DIR=/run/user/1000
QT_PLUGIN_PATH=/usr/lib64/kde4/plugins:/usr/lib/kde4/plugins
INCISIVE_HOME=/home/cadence/INCISIVE152
XDG_CURRENT_DESKTOP=GNOME-Classic:GNOME
LC_TIME=en_GB.UTF-8
COLORTERM=truecolor
XAUTHORITY=/run/gdm/auth-for-ICer-x8BdMY/database
VCS_HEAP_EXEC=true
VCS_PATHMAP_PRELOAD_DONE=1
VCS_STACK_EXEC=true
VCS_EXEC_DONE=1
LC_ALL=C
DVE=/home/synopsys/vcs-mx/O-2018.09-1/gui/dve
SPECMAN_OUTPUT_TO_TTY=1
Runtime command line arguments:
argv[0]=./top_lib/read_fast_test22051919_simv
argv[1]=+fsdb+delta
argv[2]=+UVM_TESTNAME=read_fast_test
argv[3]=+fsdb+sva_success
argv[4]=-l
argv[5]=./read_fast_test/read_fast_test22051919_sim.log
301 profile - 100
          CPU/Mem usage: 0.120 sys,  0.820 user,  328.01M mem
302 Thu May 19 19:19:57 2022
303 pliAppInit
304 FSDB_GATE is set.
305 *Verdi* : FSDB_GATE & FSDB_RTL is disabled because delta cycle dumping is set.
306 Enable Parallel Dumping.
307 pliAppMiscSet: New Sim Round
308 pliEntryInit
309 LIBSSCORE=found /home/synopsys/verdi/Verdi_O-2018.09-SP2/share/PLI/lib/LINUXAMD64/libsscore_vcs201809.so through $NOVAS_HOME setting.
310 FSDB Dumper for VCS, Release Verdi_O-2018.09-SP2, Linux x86_64/64bit, 02/21/2019
311 (C) 1996 - 2019 by Synopsys, Inc.
312 sps_call_fsdbDumpfile_main at 0 : ../uvm_tb/tb/tb.sv(35)
313 argv[0]: (read_fast_test.fsdb)
314 *Verdi* FSDB WARNING: The FSDB file already exists. Overwriting the FSDB file may crash the programs that are using this file.
315 *Verdi* : Create FSDB file 'read_fast_test.fsdb'
316 compile option from '/home/ICer/mine/proj/asyn_fifo/sim/top_lib/read_fast_test22051919_simv.daidir/vcs_rebuild'.
317   "vcs '-sverilog' '-ntb_opts' 'uvm-1.2' '-cm' 'assert' '+nospecify' '+notimingcheck' '-debug_access+all' '-timescale=1ns/1ns' '+vcs+lic+wait' '-full64' '+vcsd' '+memcbk' '+vpi' '-kdb' '-o' 'top_lib/read_fast_test22051919_simv' '-l' './read_fast_test/vcs_compile_read_fast_test22051919.log' '+fsdb+region' '-f' './filelist/rtl.f' '-f' './filelist/agents.f' '-f' './filelist/uvm_tb.f' '-f' './filelist/tb.f' 2>&1"
318 *Verdi* : Enable dumping region information.
319 *Verdi* : Enable dumping glitch values.
320 *Verdi* : Enable dumping value change sequence.
321 sps_call_fsdbDumpvars_vd_main at 0 : ../uvm_tb/tb/tb.sv(36)
322 [spi_vcs_vd_ppi_create_root]: no upf option
323 FSDB dumper cannot dump UPF related power signal ($power_tree): no ppiPowerNetwork.
324 *Verdi* : Begin traversing the scopes, layer (0).
325 *Verdi* : End of traversing.
326 pliAppHDL_DumpVarComplete traverse var: profile - 
          CPU/Mem usage: 0.160 sys,  0.990 user,  421.68M mem
                   incr: 0.010 sys,  0.160 user,  1.96M mem
                   accu: 0.010 sys,  0.160 user,  1.96M mem
              accu incr: 0.010 sys,  0.160 user,  1.96M mem

          Count usage: 104 var,  86 idcode,  83 callback
                 incr: 104 var,  85 idcode,  83 callback
                 accu: 104 var,  85 idcode,  83 callback
            accu incr: 104 var,  85 idcode,  83 callback
327 Thu May 19 19:19:57 2022
328 pliAppHDL_DumpVarComplete: profile - 
          CPU/Mem usage: 0.160 sys,  0.990 user,  421.68M mem
                   incr: 0.000 sys,  0.000 user,  0.00M mem
                   accu: 0.010 sys,  0.160 user,  1.96M mem
              accu incr: 0.000 sys,  0.000 user,  0.00M mem

          Count usage: 104 var,  86 idcode,  83 callback
                 incr: 0 var,  0 idcode,  0 callback
                 accu: 104 var,  85 idcode,  83 callback
            accu incr: 0 var,  0 idcode,  0 callback
329 Thu May 19 19:19:57 2022
330 sps_call_fsdbDumpMDA_vd_main at 0 : ../uvm_tb/tb/tb.sv(37)
331 *Verdi* : Begin traversing the MDAs, layer (0).
332 *Verdi* : Enable +mda and +packedmda dumping.
333 *Verdi* : End of traversing the MDAs.
334 pliAppHDL_DumpVarComplete traverse var: profile - 
          CPU/Mem usage: 0.170 sys,  0.990 user,  421.68M mem
                   incr: 0.010 sys,  0.000 user,  0.00M mem
                   accu: 0.010 sys,  0.000 user,  0.00M mem
              accu incr: 0.010 sys,  0.000 user,  0.00M mem

          Count usage: 120 var,  102 idcode,  84 callback
                 incr: 16 var,  16 idcode,  1 callback
                 accu: 16 var,  16 idcode,  1 callback
            accu incr: 16 var,  16 idcode,  1 callback
335 Thu May 19 19:19:57 2022
336 pliAppHDL_DumpVarComplete: profile - 
          CPU/Mem usage: 0.170 sys,  0.990 user,  421.68M mem
                   incr: 0.000 sys,  0.000 user,  0.00M mem
                   accu: 0.010 sys,  0.000 user,  0.00M mem
              accu incr: 0.000 sys,  0.000 user,  0.00M mem

          Count usage: 120 var,  102 idcode,  84 callback
                 incr: 0 var,  0 idcode,  0 callback
                 accu: 16 var,  16 idcode,  1 callback
            accu incr: 0 var,  0 idcode,  0 callback
337 Thu May 19 19:19:57 2022
338 sps_call_fsdbDumpsva_vd_main at 0 : ../uvm_tb/tb/tb.sv(38)
339 *Verdi* : Begin traversing the SVA assertions, layer (0).
340 *Verdi* : Enable +sva_success dumping.
341 *Verdi* : End of traversing the SVA assertions.
342 pliAppHDL_DumpSVAComplete traverse var: profile - 
          CPU/Mem usage: 0.170 sys,  0.990 user,  421.68M mem
                   incr: 0.000 sys,  0.000 user,  0.00M mem
                   accu: 0.000 sys,  0.000 user,  0.00M mem
              accu incr: 0.000 sys,  0.000 user,  0.00M mem

          Count usage: 124 var,  106 idcode,  84 callback
                 incr: 4 var,  4 idcode,  0 callback
                 accu: 4 var,  4 idcode,  0 callback
            accu incr: 4 var,  4 idcode,  0 callback
343 Thu May 19 19:19:57 2022
344 pliAppHDL_DumpSVAComplete: profile - 
          CPU/Mem usage: 0.170 sys,  0.990 user,  421.68M mem
                   incr: 0.000 sys,  0.000 user,  0.00M mem
                   accu: 0.000 sys,  0.000 user,  0.00M mem
              accu incr: 0.000 sys,  0.000 user,  0.00M mem

          Count usage: 124 var,  106 idcode,  84 callback
                 incr: 0 var,  0 idcode,  0 callback
                 accu: 4 var,  4 idcode,  0 callback
            accu incr: 0 var,  0 idcode,  0 callback
345 Thu May 19 19:19:57 2022
346 End of simulation at 3780
347 Thu May 19 19:19:57 2022
348 Begin FSDB profile info:
349 FSDB Writer : bc1(1400) bcn(3301) mtf/stf(0/0)
FSDB Writer elapsed time : flush(0.022743) io wait(0.000000) theadpool wait(0.000000) target functin(0.000000)
FSDB Writer cpu time : MT Compression : 0
350 End FSDB profile info
351 Parallel profile    -  Flush:5 Expand:0 ProduceWait:0 ConsumerWait:0 BlockUsed:0
352                        ProduceTime:1.488467045 ConsumerTime:0.000000000 Buffer:64MB
353 SimExit
354 Sim process exit
