Command: /home/ICer/mine/proj/asyn_fifo/sim/./top_lib/simv +UVM_TESTNAME=write_test -l sim.log
Chronologic VCS simulator copyright 1991-2018
Contains Synopsys proprietary information.
Compiler version O-2018.09-1_Full64; Runtime version O-2018.09-1_Full64;  May 15 23:16 2022
UVM_INFO /home/synopsys/vcs-mx/O-2018.09-1/etc/uvm-1.2/base/uvm_root.svh(402) @ 0: reporter [UVM/RELNOTES] 
----------------------------------------------------------------
UVM-1.2.Synopsys
(C) 2007-2014 Mentor Graphics Corporation
(C) 2007-2014 Cadence Design Systems, Inc.
(C) 2006-2014 Synopsys, Inc.
(C) 2011-2013 Cypress Semiconductor Corp.
(C) 2013-2014 NVIDIA Corporation
----------------------------------------------------------------

  ***********       IMPORTANT RELEASE NOTES         ************

  You are using a version of the UVM library that has been compiled
  with `UVM_NO_DEPRECATED undefined.
  See http://www.eda.org/svdb/view.php?id=3313 for more details.

  You are using a version of the UVM library that has been compiled
  with `UVM_OBJECT_DO_NOT_NEED_CONSTRUCTOR undefined.
  See http://www.eda.org/svdb/view.php?id=3770 for more details.

      (Specify +UVM_NO_RELNOTES to turn off this notice)

UVM_INFO @ 0: reporter [RNTST] Running test write_test...
UVM_INFO ../uvm_tb/tb/tb.sv(35) @ 0: reporter [UVM_TOP_TB] RUNNING TEST [write_test] ...
*Verdi* Loading libsscore_vcs201809.so
FSDB Dumper for VCS, Release Verdi_O-2018.09-SP2, Linux x86_64/64bit, 02/21/2019
(C) 1996 - 2019 by Synopsys, Inc.
*Verdi* FSDB WARNING: The FSDB file already exists. Overwriting the FSDB file may crash the programs that are using this file.
*Verdi* : Create FSDB file 'write_test.fsdb'
*Verdi* : Begin traversing the scopes, layer (0).
*Verdi* : End of traversing.
*Verdi* : Begin traversing the MDAs, layer (0).
*Verdi* : Enable +mda and +packedmda dumping.
*Verdi* : End of traversing the MDAs.
UVM_INFO /home/synopsys/vcs-mx/O-2018.09-1/etc/uvm-1.2/base/uvm_objection.svh(1276) @ 390: reporter [TEST_DONE] 'run' phase is ready to proceed to the 'extract' phase
UVM_INFO /home/synopsys/vcs-mx/O-2018.09-1/etc/uvm-1.2/base/uvm_report_catcher.svh(705) @ 390: reporter [UVM/REPORT/CATCHER] 
--- UVM Report catcher Summary ---


Number of demoted UVM_FATAL reports  :    0
Number of demoted UVM_ERROR reports  :    0
Number of demoted UVM_WARNING reports:    0
Number of caught UVM_FATAL reports   :    0
Number of caught UVM_ERROR reports   :    0
Number of caught UVM_WARNING reports :    0

UVM_INFO /home/synopsys/vcs-mx/O-2018.09-1/etc/uvm-1.2/base/uvm_report_server.svh(894) @ 390: reporter [UVM/REPORT/SERVER] 
--- UVM Report Summary ---

** Report counts by severity
UVM_INFO :    5
UVM_WARNING :    0
UVM_ERROR :    0
UVM_FATAL :    0
** Report counts by id
[RNTST]     1
[TEST_DONE]     1
[UVM/RELNOTES]     1
[UVM/REPORT/CATCHER]     1
[UVM_TOP_TB]     1

$finish called from file "/home/synopsys/vcs-mx/O-2018.09-1/etc/uvm-1.2/base/uvm_root.svh", line 527.
$finish at simulation time                  390
           V C S   S i m u l a t i o n   R e p o r t 
Time: 390 ns
CPU Time:      1.220 seconds;       Data structure size:   0.5Mb
Sun May 15 23:16:24 2022
